INFO 2020-07-08 20:01:26,049 autoreload 598 Watching for file changes with StatReloader
INFO 2020-07-08 20:01:27,713 basehttp 157 "GET / HTTP/1.1" 200 16351
INFO 2020-07-08 20:01:27,729 basehttp 157 "GET /static/admin/css/fonts.css HTTP/1.1" 304 0
INFO 2020-07-08 20:01:27,807 basehttp 157 "GET /static/admin/fonts/Roboto-Bold-webfont.woff HTTP/1.1" 304 0
INFO 2020-07-08 20:01:27,807 basehttp 157 "GET /static/admin/fonts/Roboto-Regular-webfont.woff HTTP/1.1" 304 0
INFO 2020-07-08 20:01:27,809 basehttp 157 "GET /static/admin/fonts/Roboto-Light-webfont.woff HTTP/1.1" 304 0
WARNING 2020-07-08 20:01:27,818 log 228 Not Found: /favicon.ico
WARNING 2020-07-08 20:01:27,818 basehttp 157 "GET /favicon.ico HTTP/1.1" 404 1973
INFO 2020-07-08 20:35:23,955 autoreload 598 Watching for file changes with StatReloader
INFO 2020-07-08 20:36:54,396 autoreload 598 Watching for file changes with StatReloader
INFO 2020-07-08 20:39:19,141 autoreload 222 E:\python_parctice\the third stage\edu_api\edu_api\settings\develop.py changed, reloading.
INFO 2020-07-08 20:39:20,004 autoreload 598 Watching for file changes with StatReloader
INFO 2020-07-08 20:39:33,701 autoreload 222 E:\python_parctice\the third stage\edu_api\edu_api\settings\develop.py changed, reloading.
INFO 2020-07-08 20:39:34,548 autoreload 598 Watching for file changes with StatReloader
INFO 2020-07-08 20:40:32,965 autoreload 598 Watching for file changes with StatReloader
INFO 2020-07-08 20:58:00,215 autoreload 598 Watching for file changes with StatReloader
INFO 2020-07-08 20:58:36,911 basehttp 157 "GET / HTTP/1.1" 200 16351
INFO 2020-07-08 20:58:36,988 basehttp 157 "GET /static/admin/css/fonts.css HTTP/1.1" 200 423
INFO 2020-07-08 20:58:37,000 basehttp 157 "GET /static/admin/fonts/Roboto-Regular-webfont.woff HTTP/1.1" 200 85876
INFO 2020-07-08 20:58:37,001 basehttp 157 "GET /static/admin/fonts/Roboto-Light-webfont.woff HTTP/1.1" 200 85692
INFO 2020-07-08 20:58:37,002 basehttp 157 "GET /static/admin/fonts/Roboto-Bold-webfont.woff HTTP/1.1" 200 86184
WARNING 2020-07-08 20:58:37,091 log 228 Not Found: /favicon.ico
WARNING 2020-07-08 20:58:37,091 basehttp 157 "GET /favicon.ico HTTP/1.1" 404 1982
ERROR 2020-07-08 23:22:11,959 exception 74 Invalid HTTP_HOST header: '127.0.0.1:8000'. You may need to add '127.0.0.1' to ALLOWED_HOSTS.
WARNING 2020-07-08 23:22:12,011 basehttp 124 "GET / HTTP/1.1" 400 69706
ERROR 2020-07-08 23:22:12,237 exception 74 Invalid HTTP_HOST header: '127.0.0.1:8000'. You may need to add '127.0.0.1' to ALLOWED_HOSTS.
WARNING 2020-07-08 23:22:12,262 basehttp 124 "GET /favicon.ico HTTP/1.1" 400 69619
WARNING 2020-07-08 23:23:12,393 base 93 Not Found: /
WARNING 2020-07-08 23:23:12,394 basehttp 124 "GET / HTTP/1.1" 404 2055
WARNING 2020-07-08 23:23:12,528 base 93 Not Found: /favicon.ico
WARNING 2020-07-08 23:23:12,528 basehttp 124 "GET /favicon.ico HTTP/1.1" 404 2106
INFO 2020-07-08 23:23:21,300 basehttp 124 "GET /admin/ HTTP/1.1" 200 4366
INFO 2020-07-08 23:23:21,325 basehttp 124 "GET /static/xadmin/vendor/font-awesome/css/font-awesome.css HTTP/1.1" 200 21658
INFO 2020-07-08 23:23:21,325 basehttp 124 "GET /static/xadmin/css/themes/bootstrap-xadmin.css HTTP/1.1" 200 1888
INFO 2020-07-08 23:23:21,329 basehttp 124 "GET /static/xadmin/css/xadmin.main.css HTTP/1.1" 200 8376
INFO 2020-07-08 23:23:21,329 basehttp 124 "GET /static/xadmin/css/xadmin.plugins.css HTTP/1.1" 200 175
INFO 2020-07-08 23:23:21,331 basehttp 124 "GET /static/xadmin/css/xadmin.responsive.css HTTP/1.1" 200 4361
INFO 2020-07-08 23:23:21,332 basehttp 124 "GET /static/xadmin/vendor/bootstrap/css/bootstrap.css HTTP/1.1" 200 126432
INFO 2020-07-08 23:23:21,342 basehttp 124 "GET /static/xadmin/vendor/jquery-ui/jquery.ui.core.js HTTP/1.1" 200 8195
INFO 2020-07-08 23:23:21,342 basehttp 124 "GET /admin/jsi18n/ HTTP/1.1" 200 4373
INFO 2020-07-08 23:23:21,343 basehttp 124 "GET /static/xadmin/js/xadmin.main.js HTTP/1.1" 200 3401
INFO 2020-07-08 23:23:21,343 basehttp 124 "GET /static/xadmin/vendor/jquery-ui/jquery.ui.mouse.js HTTP/1.1" 200 4561
INFO 2020-07-08 23:23:21,347 basehttp 124 "GET /static/xadmin/js/xadmin.responsive.js HTTP/1.1" 200 4165
INFO 2020-07-08 23:23:21,348 basehttp 124 "GET /static/xadmin/vendor/bootstrap/js/bootstrap.js HTTP/1.1" 200 58327
INFO 2020-07-08 23:23:21,350 basehttp 124 "GET /static/xadmin/vendor/jquery-ui/jquery.ui.widget.js HTTP/1.1" 200 15069
INFO 2020-07-08 23:23:21,350 basehttp 124 "GET /static/xadmin/vendor/jquery-ui/jquery.ui.effect.js HTTP/1.1" 200 31918
INFO 2020-07-08 23:23:21,351 basehttp 124 "GET /static/xadmin/js/xadmin.plugin.themes.js HTTP/1.1" 200 3489
INFO 2020-07-08 23:23:21,352 basehttp 124 "GET /static/xadmin/vendor/jquery-ui/jquery.ui.sortable.js HTTP/1.1" 200 42543
INFO 2020-07-08 23:23:21,352 basehttp 124 "GET /static/xadmin/vendor/jquery/jquery.js HTTP/1.1" 200 240196
INFO 2020-07-08 23:23:21,410 basehttp 124 "GET /static/xadmin/vendor/font-awesome/fonts/fontawesome-webfont.woff?v=4.0.3 HTTP/1.1" 200 44432
INFO 2020-07-08 23:25:43,670 basehttp 124 "POST /admin/ HTTP/1.1" 302 0
ERROR 2020-07-08 23:25:47,701 exception 118 Internal Server Error: /admin/
Traceback (most recent call last):
  File "D:\python\virtual environment\Drf\lib\site-packages\django\db\backends\utils.py", line 85, in _execute
    return self.cursor.execute(sql, params)
  File "D:\python\virtual environment\Drf\lib\site-packages\django\db\backends\mysql\base.py", line 71, in execute
    return self.cursor.execute(query, args)
  File "D:\python\virtual environment\Drf\lib\site-packages\MySQLdb\cursors.py", line 206, in execute
    res = self._query(query)
  File "D:\python\virtual environment\Drf\lib\site-packages\MySQLdb\cursors.py", line 319, in _query
    db.query(q)
  File "D:\python\virtual environment\Drf\lib\site-packages\MySQLdb\connections.py", line 259, in query
    _mysql.connection.query(self, query)
MySQLdb._exceptions.ProgrammingError: (1146, "Table 'edu_api.xadmin_usersettings' doesn't exist")

The above exception was the direct cause of the following exception:

Traceback (most recent call last):
  File "D:\python\virtual environment\Drf\lib\site-packages\django\core\handlers\exception.py", line 35, in inner
    response = get_response(request)
  File "D:\python\virtual environment\Drf\lib\site-packages\django\core\handlers\base.py", line 128, in _get_response
    response = self.process_exception_by_middleware(e, request)
  File "D:\python\virtual environment\Drf\lib\site-packages\django\core\handlers\base.py", line 126, in _get_response
    response = wrapped_callback(request, *callback_args, **callback_kwargs)
  File "D:\python\virtual environment\Drf\lib\site-packages\xadmin\sites.py", line 300, in wrapper
    return self.admin_view(view, cacheable)(*args, **kwargs)
  File "D:\python\virtual environment\Drf\lib\site-packages\django\views\decorators\cache.py", line 44, in _wrapped_view_func
    response = view_func(request, *args, **kwargs)
  File "D:\python\virtual environment\Drf\lib\site-packages\xadmin\sites.py", line 208, in inner
    return view(request, *args, **kwargs)
  File "D:\python\virtual environment\Drf\lib\site-packages\xadmin\views\base.py", line 282, in view
    return handler(request, *args, **kwargs)
  File "D:\python\virtual environment\Drf\lib\site-packages\django\views\decorators\cache.py", line 44, in _wrapped_view_func
    response = view_func(request, *args, **kwargs)
  File "D:\python\virtual environment\Drf\lib\site-packages\xadmin\views\dashboard.py", line 592, in get
    self.widgets = self.get_widgets()
  File "D:\python\virtual environment\Drf\lib\site-packages\xadmin\views\base.py", line 80, in method
    return filter_chain(filters, len(filters) - 1, _inner_method, *args, **kwargs)
  File "D:\python\virtual environment\Drf\lib\site-packages\xadmin\views\base.py", line 49, in filter_chain
    return func()
  File "D:\python\virtual environment\Drf\lib\site-packages\xadmin\views\base.py", line 74, in _inner_method
    return func(self, *args, **kwargs)
  File "D:\python\virtual environment\Drf\lib\site-packages\xadmin\views\dashboard.py", line 549, in get_widgets
    if len(portal_pos):
  File "D:\python\virtual environment\Drf\lib\site-packages\django\db\models\query.py", line 254, in __len__
    self._fetch_all()
  File "D:\python\virtual environment\Drf\lib\site-packages\django\db\models\query.py", line 1179, in _fetch_all
    self._result_cache = list(self._iterable_class(self))
  File "D:\python\virtual environment\Drf\lib\site-packages\django\db\models\query.py", line 53, in __iter__
    results = compiler.execute_sql(chunked_fetch=self.chunked_fetch, chunk_size=self.chunk_size)
  File "D:\python\virtual environment\Drf\lib\site-packages\django\db\models\sql\compiler.py", line 1068, in execute_sql
    cursor.execute(sql, params)
  File "D:\python\virtual environment\Drf\lib\site-packages\django\db\backends\utils.py", line 100, in execute
    return super().execute(sql, params)
  File "D:\python\virtual environment\Drf\lib\site-packages\django\db\backends\utils.py", line 68, in execute
    return self._execute_with_wrappers(sql, params, many=False, executor=self._execute)
  File "D:\python\virtual environment\Drf\lib\site-packages\django\db\backends\utils.py", line 77, in _execute_with_wrappers
    return executor(sql, params, many, context)
  File "D:\python\virtual environment\Drf\lib\site-packages\django\db\backends\utils.py", line 85, in _execute
    return self.cursor.execute(sql, params)
  File "D:\python\virtual environment\Drf\lib\site-packages\django\db\utils.py", line 89, in __exit__
    raise dj_exc_value.with_traceback(traceback) from exc_value
  File "D:\python\virtual environment\Drf\lib\site-packages\django\db\backends\utils.py", line 85, in _execute
    return self.cursor.execute(sql, params)
  File "D:\python\virtual environment\Drf\lib\site-packages\django\db\backends\mysql\base.py", line 71, in execute
    return self.cursor.execute(query, args)
  File "D:\python\virtual environment\Drf\lib\site-packages\MySQLdb\cursors.py", line 206, in execute
    res = self._query(query)
  File "D:\python\virtual environment\Drf\lib\site-packages\MySQLdb\cursors.py", line 319, in _query
    db.query(q)
  File "D:\python\virtual environment\Drf\lib\site-packages\MySQLdb\connections.py", line 259, in query
    _mysql.connection.query(self, query)
django.db.utils.ProgrammingError: (1146, "Table 'edu_api.xadmin_usersettings' doesn't exist")
ERROR 2020-07-08 23:25:47,763 basehttp 124 "GET /admin/ HTTP/1.1" 500 196799
ERROR 2020-07-08 23:36:35,766 exception 74 Invalid HTTP_HOST header: '127.0.0.1:8000'. You may need to add '127.0.0.1' to ALLOWED_HOSTS.
WARNING 2020-07-08 23:36:35,823 basehttp 124 "GET / HTTP/1.1" 400 69706
ERROR 2020-07-08 23:36:35,972 exception 74 Invalid HTTP_HOST header: '127.0.0.1:8000'. You may need to add '127.0.0.1' to ALLOWED_HOSTS.
WARNING 2020-07-08 23:36:35,993 basehttp 124 "GET /favicon.ico HTTP/1.1" 400 69619
WARNING 2020-07-08 23:37:21,034 base 93 Not Found: /
WARNING 2020-07-08 23:37:21,034 basehttp 124 "GET / HTTP/1.1" 404 2046
WARNING 2020-07-08 23:37:21,265 base 93 Not Found: /favicon.ico
WARNING 2020-07-08 23:37:21,265 basehttp 124 "GET /favicon.ico HTTP/1.1" 404 2097
INFO 2020-07-08 23:37:30,288 basehttp 124 "GET /admin/ HTTP/1.1" 200 4366
INFO 2020-07-08 23:37:30,311 basehttp 124 "GET /static/xadmin/css/themes/bootstrap-xadmin.css HTTP/1.1" 200 1888
INFO 2020-07-08 23:37:30,312 basehttp 124 "GET /static/xadmin/css/xadmin.plugins.css HTTP/1.1" 200 175
INFO 2020-07-08 23:37:30,312 basehttp 124 "GET /static/xadmin/vendor/font-awesome/css/font-awesome.css HTTP/1.1" 200 21658
INFO 2020-07-08 23:37:30,313 basehttp 124 "GET /static/xadmin/css/xadmin.main.css HTTP/1.1" 200 8376
INFO 2020-07-08 23:37:30,314 basehttp 124 "GET /static/xadmin/css/xadmin.responsive.css HTTP/1.1" 200 4361
INFO 2020-07-08 23:37:30,315 basehttp 124 "GET /static/xadmin/vendor/bootstrap/css/bootstrap.css HTTP/1.1" 200 126432
INFO 2020-07-08 23:37:30,318 basehttp 124 "GET /static/xadmin/vendor/jquery-ui/jquery.ui.widget.js HTTP/1.1" 200 15069
INFO 2020-07-08 23:37:30,318 basehttp 124 "GET /static/xadmin/vendor/jquery-ui/jquery.ui.core.js HTTP/1.1" 200 8195
INFO 2020-07-08 23:37:30,321 basehttp 124 "GET /static/xadmin/vendor/jquery-ui/jquery.ui.mouse.js HTTP/1.1" 200 4561
INFO 2020-07-08 23:37:30,321 basehttp 124 "GET /static/xadmin/vendor/jquery-ui/jquery.ui.sortable.js HTTP/1.1" 200 42543
INFO 2020-07-08 23:37:30,325 basehttp 124 "GET /static/xadmin/js/xadmin.main.js HTTP/1.1" 200 3401
INFO 2020-07-08 23:37:30,325 basehttp 124 "GET /static/xadmin/vendor/bootstrap/js/bootstrap.js HTTP/1.1" 200 58327
INFO 2020-07-08 23:37:30,341 basehttp 124 "GET /static/xadmin/js/xadmin.plugin.themes.js HTTP/1.1" 200 3489
INFO 2020-07-08 23:37:30,350 basehttp 124 "GET /static/xadmin/js/xadmin.responsive.js HTTP/1.1" 200 4165
INFO 2020-07-08 23:37:30,353 basehttp 124 "GET /static/xadmin/vendor/jquery-ui/jquery.ui.effect.js HTTP/1.1" 200 31918
INFO 2020-07-08 23:37:30,356 basehttp 124 "GET /admin/jsi18n/ HTTP/1.1" 200 4373
INFO 2020-07-08 23:37:30,357 basehttp 124 "GET /static/xadmin/vendor/jquery/jquery.js HTTP/1.1" 200 240196
INFO 2020-07-08 23:37:30,413 basehttp 124 "GET /static/xadmin/vendor/font-awesome/fonts/fontawesome-webfont.woff?v=4.0.3 HTTP/1.1" 200 44432
INFO 2020-07-08 23:37:41,838 basehttp 124 "POST /admin/ HTTP/1.1" 200 4595
INFO 2020-07-08 23:37:41,863 basehttp 124 "GET /admin/jsi18n/ HTTP/1.1" 200 4373
INFO 2020-07-08 23:38:00,106 basehttp 124 "POST /admin/ HTTP/1.1" 200 4595
ERROR 2020-07-08 23:38:00,108 basehttp 124 "POST /admin/ HTTP/1.1" 500 59
INFO 2020-07-08 23:38:01,825 basehttp 124 "POST /admin/ HTTP/1.1" 200 4595
INFO 2020-07-08 23:38:01,851 basehttp 124 "GET /admin/jsi18n/ HTTP/1.1" 200 4373
INFO 2020-07-08 23:39:32,257 basehttp 124 "POST /admin/ HTTP/1.1" 302 0
INFO 2020-07-08 23:39:36,305 basehttp 124 "GET /admin/ HTTP/1.1" 200 13185
INFO 2020-07-08 23:39:36,326 basehttp 124 "GET /static/xadmin/css/xadmin.page.dashboard.css HTTP/1.1" 200 790
INFO 2020-07-08 23:39:36,326 basehttp 124 "GET /static/xadmin/js/xadmin.page.dashboard.js HTTP/1.1" 200 3208
INFO 2020-07-08 23:39:36,330 basehttp 124 "GET /static/xadmin/js/xadmin.plugin.portal.js HTTP/1.1" 200 1000
INFO 2020-07-08 23:39:40,353 basehttp 124 "GET /admin/jsi18n/ HTTP/1.1" 200 3185
INFO 2020-07-08 23:40:18,736 basehttp 124 "GET /admin/xadmin/log/ HTTP/1.1" 200 28995
ERROR 2020-07-08 23:40:18,737 basehttp 124 "GET /admin/xadmin/log/ HTTP/1.1" 500 59
INFO 2020-07-08 23:40:22,253 basehttp 124 "GET /admin/auth/user/ HTTP/1.1" 200 35292
ERROR 2020-07-08 23:40:22,254 basehttp 124 "GET /admin/auth/user/ HTTP/1.1" 500 59
INFO 2020-07-08 23:40:23,011 basehttp 124 "GET /admin/auth/permission/ HTTP/1.1" 200 88175
ERROR 2020-07-08 23:40:23,012 basehttp 124 "GET /admin/auth/permission/ HTTP/1.1" 500 59
INFO 2020-07-08 23:40:23,544 basehttp 124 "GET /admin/auth/user/ HTTP/1.1" 200 35292
INFO 2020-07-08 23:40:23,566 basehttp 124 "GET /static/xadmin/vendor/bootstrap/css/bootstrap.css HTTP/1.1" 304 0
INFO 2020-07-08 23:40:23,570 basehttp 124 "GET /static/xadmin/css/themes/bootstrap-xadmin.css HTTP/1.1" 304 0
INFO 2020-07-08 23:40:23,571 basehttp 124 "GET /static/xadmin/vendor/font-awesome/css/font-awesome.css HTTP/1.1" 304 0
INFO 2020-07-08 23:40:23,572 basehttp 124 "GET /static/xadmin/css/xadmin.main.css HTTP/1.1" 304 0
INFO 2020-07-08 23:40:23,572 basehttp 124 "GET /static/xadmin/css/xadmin.form.css HTTP/1.1" 200 3763
INFO 2020-07-08 23:40:23,576 basehttp 124 "GET /static/xadmin/css/xadmin.responsive.css HTTP/1.1" 304 0
INFO 2020-07-08 23:40:23,576 basehttp 124 "GET /static/xadmin/css/xadmin.plugins.css HTTP/1.1" 304 0
INFO 2020-07-08 23:40:23,578 basehttp 124 "GET /static/xadmin/vendor/jquery-ui/jquery.ui.core.js HTTP/1.1" 304 0
INFO 2020-07-08 23:40:23,580 basehttp 124 "GET /static/xadmin/vendor/jquery-ui/jquery.ui.mouse.js HTTP/1.1" 304 0
INFO 2020-07-08 23:40:23,581 basehttp 124 "GET /static/xadmin/vendor/bootstrap/js/bootstrap.js HTTP/1.1" 304 0
INFO 2020-07-08 23:40:23,584 basehttp 124 "GET /static/xadmin/js/xadmin.main.js HTTP/1.1" 304 0
INFO 2020-07-08 23:40:23,585 basehttp 124 "GET /static/xadmin/vendor/jquery-ui/jquery.ui.effect.js HTTP/1.1" 304 0
INFO 2020-07-08 23:40:23,586 basehttp 124 "GET /static/xadmin/js/xadmin.plugin.themes.js HTTP/1.1" 304 0
INFO 2020-07-08 23:40:23,589 basehttp 124 "GET /static/xadmin/js/xadmin.plugin.filters.js HTTP/1.1" 200 1990
INFO 2020-07-08 23:40:23,591 basehttp 124 "GET /static/xadmin/js/xadmin.plugin.details.js HTTP/1.1" 200 2319
INFO 2020-07-08 23:40:23,591 basehttp 124 "GET /static/xadmin/js/xadmin.page.list.js HTTP/1.1" 200 1105
INFO 2020-07-08 23:40:23,592 basehttp 124 "GET /static/xadmin/vendor/jquery-ui/jquery.ui.widget.js HTTP/1.1" 304 0
INFO 2020-07-08 23:40:23,592 basehttp 124 "GET /static/xadmin/js/xadmin.responsive.js HTTP/1.1" 304 0
INFO 2020-07-08 23:40:23,596 basehttp 124 "GET /static/xadmin/js/xadmin.plugin.actions.js HTTP/1.1" 200 4198
INFO 2020-07-08 23:40:23,598 basehttp 124 "GET /static/xadmin/vendor/jquery-ui/jquery.ui.sortable.js HTTP/1.1" 304 0
INFO 2020-07-08 23:40:23,598 basehttp 124 "GET /static/xadmin/js/xadmin.page.form.js HTTP/1.1" 200 1948
INFO 2020-07-08 23:40:23,599 basehttp 124 "GET /static/xadmin/vendor/jquery/jquery.js HTTP/1.1" 304 0
INFO 2020-07-08 23:40:23,599 basehttp 124 "GET /static/xadmin/js/xadmin.plugin.bookmark.js HTTP/1.1" 200 529
INFO 2020-07-08 23:40:27,608 basehttp 124 "GET /admin/jsi18n/ HTTP/1.1" 200 3185
INFO 2020-07-08 23:40:27,627 basehttp 124 "GET /static/xadmin/vendor/font-awesome/fonts/fontawesome-webfont.woff?v=4.0.3 HTTP/1.1" 304 0
INFO 2020-07-08 23:40:44,245 basehttp 124 "GET /admin/auth/user/1/update/ HTTP/1.1" 200 27288
INFO 2020-07-08 23:40:44,294 basehttp 124 "GET /static/xadmin/css/xadmin.widget.select-transfer.css HTTP/1.1" 200 2317
INFO 2020-07-08 23:40:44,294 basehttp 124 "GET /static/xadmin/vendor/bootstrap-clockpicker/bootstrap-clockpicker.css HTTP/1.1" 200 3729
INFO 2020-07-08 23:40:44,295 basehttp 124 "GET /static/xadmin/vendor/bootstrap-datepicker/css/datepicker.css HTTP/1.1" 200 10225
INFO 2020-07-08 23:40:44,296 basehttp 124 "GET /static/xadmin/vendor/bootstrap-datepicker/js/bootstrap-datepicker.js HTTP/1.1" 200 32656
INFO 2020-07-08 23:40:44,297 basehttp 124 "GET /static/xadmin/vendor/bootstrap-clockpicker/bootstrap-clockpicker.js HTTP/1.1" 200 21112
INFO 2020-07-08 23:40:44,299 basehttp 124 "GET /static/xadmin/js/xadmin.widget.datetime.js HTTP/1.1" 200 2979
INFO 2020-07-08 23:40:44,301 basehttp 124 "GET /static/xadmin/js/xadmin.plugin.quick-form.js HTTP/1.1" 200 7546
INFO 2020-07-08 23:40:44,301 basehttp 124 "GET /static/xadmin/js/xadmin.widget.select-transfer.js HTTP/1.1" 200 8214
INFO 2020-07-08 23:40:48,322 basehttp 124 "GET /admin/jsi18n/ HTTP/1.1" 200 3185
INFO 2020-07-08 23:40:55,742 basehttp 124 "GET /admin/home/banner/ HTTP/1.1" 200 22756
INFO 2020-07-08 23:40:59,795 basehttp 124 "GET /admin/jsi18n/ HTTP/1.1" 200 3185
INFO 2020-07-08 23:47:54,483 basehttp 124 "GET /admin/home/banner/ HTTP/1.1" 200 22756
ERROR 2020-07-08 23:47:54,484 basehttp 124 "GET /admin/home/banner/ HTTP/1.1" 500 59
INFO 2020-07-08 23:47:56,977 basehttp 124 "GET /admin/home/banner/add/ HTTP/1.1" 200 18242
INFO 2020-07-08 23:47:56,999 basehttp 124 "GET /static/xadmin/vendor/bootstrap/css/bootstrap.css HTTP/1.1" 304 0
INFO 2020-07-08 23:47:57,008 basehttp 124 "GET /static/xadmin/css/xadmin.main.css HTTP/1.1" 304 0
INFO 2020-07-08 23:47:57,008 basehttp 124 "GET /static/xadmin/vendor/font-awesome/css/font-awesome.css HTTP/1.1" 304 0
INFO 2020-07-08 23:47:57,008 basehttp 124 "GET /static/xadmin/css/themes/bootstrap-xadmin.css HTTP/1.1" 304 0
INFO 2020-07-08 23:47:57,013 basehttp 124 "GET /static/xadmin/css/xadmin.responsive.css HTTP/1.1" 304 0
INFO 2020-07-08 23:47:57,014 basehttp 124 "GET /static/xadmin/css/xadmin.plugins.css HTTP/1.1" 304 0
INFO 2020-07-08 23:47:57,019 basehttp 124 "GET /static/xadmin/vendor/jquery-ui/jquery.ui.core.js HTTP/1.1" 304 0
INFO 2020-07-08 23:47:57,020 basehttp 124 "GET /static/xadmin/css/xadmin.form.css HTTP/1.1" 304 0
INFO 2020-07-08 23:47:57,020 basehttp 124 "GET /static/xadmin/vendor/jquery-ui/jquery.ui.mouse.js HTTP/1.1" 304 0
INFO 2020-07-08 23:47:57,021 basehttp 124 "GET /static/xadmin/vendor/jquery-ui/jquery.ui.sortable.js HTTP/1.1" 304 0
INFO 2020-07-08 23:47:57,022 basehttp 124 "GET /static/xadmin/vendor/bootstrap-image-gallery/css/bootstrap-image-gallery.css HTTP/1.1" 200 3339
INFO 2020-07-08 23:47:57,022 basehttp 124 "GET /static/xadmin/js/xadmin.main.js HTTP/1.1" 304 0
INFO 2020-07-08 23:47:57,027 basehttp 124 "GET /static/xadmin/vendor/load-image/load-image.js HTTP/1.1" 200 8309
INFO 2020-07-08 23:47:57,028 basehttp 124 "GET /static/xadmin/js/xadmin.plugin.themes.js HTTP/1.1" 304 0
INFO 2020-07-08 23:47:57,030 basehttp 124 "GET /static/xadmin/vendor/jquery/jquery.js HTTP/1.1" 304 0
INFO 2020-07-08 23:47:57,033 basehttp 124 "GET /static/xadmin/vendor/jquery-ui/jquery.ui.widget.js HTTP/1.1" 304 0
INFO 2020-07-08 23:47:57,036 basehttp 124 "GET /static/xadmin/js/xadmin.plugin.portal.js HTTP/1.1" 304 0
INFO 2020-07-08 23:47:57,036 basehttp 124 "GET /static/xadmin/vendor/bootstrap/js/bootstrap.js HTTP/1.1" 304 0
INFO 2020-07-08 23:47:57,037 basehttp 124 "GET /static/xadmin/vendor/jquery-ui/jquery.ui.effect.js HTTP/1.1" 304 0
INFO 2020-07-08 23:47:57,039 basehttp 124 "GET /static/xadmin/vendor/bootstrap-image-gallery/js/bootstrap-image-gallery.js HTTP/1.1" 200 15611
INFO 2020-07-08 23:47:57,040 basehttp 124 "GET /static/xadmin/js/xadmin.responsive.js HTTP/1.1" 304 0
INFO 2020-07-08 23:47:57,041 basehttp 124 "GET /static/xadmin/js/xadmin.page.form.js HTTP/1.1" 304 0
INFO 2020-07-08 23:48:01,057 basehttp 124 "GET /admin/jsi18n/ HTTP/1.1" 200 3185
INFO 2020-07-08 23:48:01,067 basehttp 124 "GET /static/xadmin/vendor/font-awesome/fonts/fontawesome-webfont.woff?v=4.0.3 HTTP/1.1" 304 0
INFO 2020-07-08 23:51:31,145 basehttp 124 "POST /admin/home/banner/add/ HTTP/1.1" 302 0
INFO 2020-07-08 23:51:35,216 basehttp 124 "GET /admin/home/banner/add/ HTTP/1.1" 200 18582
INFO 2020-07-08 23:51:35,236 basehttp 124 "GET /static/xadmin/vendor/bootstrap/css/bootstrap.css HTTP/1.1" 304 0
INFO 2020-07-08 23:51:35,238 basehttp 124 "GET /static/xadmin/css/themes/bootstrap-xadmin.css HTTP/1.1" 304 0
INFO 2020-07-08 23:51:35,242 basehttp 124 "GET /static/xadmin/vendor/font-awesome/css/font-awesome.css HTTP/1.1" 304 0
INFO 2020-07-08 23:51:35,244 basehttp 124 "GET /static/xadmin/css/xadmin.main.css HTTP/1.1" 304 0
INFO 2020-07-08 23:51:35,244 basehttp 124 "GET /static/xadmin/css/xadmin.plugins.css HTTP/1.1" 304 0
INFO 2020-07-08 23:51:35,247 basehttp 124 "GET /static/xadmin/vendor/bootstrap-image-gallery/css/bootstrap-image-gallery.css HTTP/1.1" 304 0
INFO 2020-07-08 23:51:35,247 basehttp 124 "GET /static/xadmin/css/xadmin.form.css HTTP/1.1" 304 0
INFO 2020-07-08 23:51:35,248 basehttp 124 "GET /static/xadmin/css/xadmin.responsive.css HTTP/1.1" 304 0
INFO 2020-07-08 23:51:35,251 basehttp 124 "GET /static/xadmin/vendor/jquery-ui/jquery.ui.mouse.js HTTP/1.1" 304 0
INFO 2020-07-08 23:51:35,253 basehttp 124 "GET /static/xadmin/vendor/bootstrap/js/bootstrap.js HTTP/1.1" 304 0
INFO 2020-07-08 23:51:35,254 basehttp 124 "GET /static/xadmin/vendor/jquery-ui/jquery.ui.effect.js HTTP/1.1" 304 0
INFO 2020-07-08 23:51:35,254 basehttp 124 "GET /static/xadmin/js/xadmin.plugin.themes.js HTTP/1.1" 304 0
INFO 2020-07-08 23:51:35,257 basehttp 124 "GET /static/xadmin/vendor/load-image/load-image.js HTTP/1.1" 304 0
INFO 2020-07-08 23:51:35,259 basehttp 124 "GET /static/xadmin/js/xadmin.plugin.portal.js HTTP/1.1" 304 0
INFO 2020-07-08 23:51:35,260 basehttp 124 "GET /static/xadmin/vendor/jquery/jquery.js HTTP/1.1" 304 0
INFO 2020-07-08 23:51:35,263 basehttp 124 "GET /static/xadmin/vendor/jquery-ui/jquery.ui.core.js HTTP/1.1" 304 0
INFO 2020-07-08 23:51:35,263 basehttp 124 "GET /static/xadmin/js/xadmin.responsive.js HTTP/1.1" 304 0
INFO 2020-07-08 23:51:35,264 basehttp 124 "GET /static/xadmin/vendor/jquery-ui/jquery.ui.widget.js HTTP/1.1" 304 0
INFO 2020-07-08 23:51:35,267 basehttp 124 "GET /static/xadmin/js/xadmin.page.form.js HTTP/1.1" 304 0
INFO 2020-07-08 23:51:35,267 basehttp 124 "GET /static/xadmin/vendor/jquery-ui/jquery.ui.sortable.js HTTP/1.1" 304 0
INFO 2020-07-08 23:51:35,268 basehttp 124 "GET /static/xadmin/js/xadmin.main.js HTTP/1.1" 304 0
INFO 2020-07-08 23:51:35,269 basehttp 124 "GET /static/xadmin/vendor/bootstrap-image-gallery/js/bootstrap-image-gallery.js HTTP/1.1" 304 0
INFO 2020-07-08 23:51:39,257 basehttp 124 "GET /admin/jsi18n/ HTTP/1.1" 200 3185
INFO 2020-07-08 23:52:03,705 basehttp 124 "POST /admin/home/banner/add/ HTTP/1.1" 302 0
INFO 2020-07-08 23:52:07,768 basehttp 124 "GET /admin/home/banner/ HTTP/1.1" 200 27381
INFO 2020-07-08 23:52:07,795 basehttp 124 "GET /static/xadmin/js/xadmin.plugin.details.js HTTP/1.1" 304 0
INFO 2020-07-08 23:52:07,796 basehttp 124 "GET /static/xadmin/js/xadmin.plugin.actions.js HTTP/1.1" 304 0
INFO 2020-07-08 23:52:07,797 basehttp 124 "GET /static/xadmin/js/xadmin.plugin.bookmark.js HTTP/1.1" 304 0
INFO 2020-07-08 23:52:07,797 basehttp 124 "GET /static/xadmin/js/xadmin.plugin.filters.js HTTP/1.1" 304 0
INFO 2020-07-08 23:52:07,797 basehttp 124 "GET /static/xadmin/js/xadmin.page.list.js HTTP/1.1" 304 0
INFO 2020-07-08 23:52:11,805 basehttp 124 "GET /admin/jsi18n/ HTTP/1.1" 200 3185
INFO 2020-07-08 23:52:11,816 basehttp 124 "GET /static/xadmin/vendor/font-awesome/fonts/fontawesome-webfont.woff?v=4.0.3 HTTP/1.1" 304 0
INFO 2020-07-08 23:52:23,018 basehttp 124 "GET /admin/home/banner/add/ HTTP/1.1" 200 18242
INFO 2020-07-08 23:52:27,048 basehttp 124 "GET /admin/jsi18n/ HTTP/1.1" 200 3185
INFO 2020-07-08 23:52:54,590 basehttp 124 "POST /admin/home/banner/add/ HTTP/1.1" 302 0
INFO 2020-07-08 23:52:58,673 basehttp 124 "GET /admin/home/banner/ HTTP/1.1" 200 27965
INFO 2020-07-08 23:53:02,728 basehttp 124 "GET /admin/jsi18n/ HTTP/1.1" 200 3185
ERROR 2020-07-09 00:07:58,740 exceptions 18 <home.views.BannerListAPIView object at 0x0000027BB1E278D0> GET ("Creating a ModelSerializer without either the 'fields' attribute or the 'exclude' attribute has been deprecated since 3.3.0, and is now disallowed. Add an explicit fields = '__all__' to the BannerModelSerializer serializer.",)
ERROR 2020-07-09 00:07:58,740 basehttp 124 "GET /home/banner/ HTTP/1.1" 500 56
ERROR 2020-07-09 00:08:04,099 exceptions 18 <home.views.BannerListAPIView object at 0x0000027BB1E55F98> GET ("Creating a ModelSerializer without either the 'fields' attribute or the 'exclude' attribute has been deprecated since 3.3.0, and is now disallowed. Add an explicit fields = '__all__' to the BannerModelSerializer serializer.",)
ERROR 2020-07-09 00:08:04,099 basehttp 124 "GET /home/banner/ HTTP/1.1" 500 56
ERROR 2020-07-09 00:08:21,812 exceptions 18 <home.views.BannerListAPIView object at 0x0000027BB1E706A0> GET ("Creating a ModelSerializer without either the 'fields' attribute or the 'exclude' attribute has been deprecated since 3.3.0, and is now disallowed. Add an explicit fields = '__all__' to the BannerModelSerializer serializer.",)
ERROR 2020-07-09 00:08:21,813 basehttp 124 "GET /home/banner/ HTTP/1.1" 500 56
INFO 2020-07-09 00:13:30,194 basehttp 124 "GET /home/banner/ HTTP/1.1" 200 253
INFO 2020-07-09 00:13:30,218 basehttp 124 "GET /media/banner/02.png HTTP/1.1" 200 364808
INFO 2020-07-09 00:13:30,221 basehttp 124 "GET /media/banner/01.png HTTP/1.1" 200 737783
INFO 2020-07-09 00:13:30,223 basehttp 124 "GET /media/banner/03.png HTTP/1.1" 200 745382
WARNING 2020-07-09 00:14:27,964 base 93 Not Found: /
WARNING 2020-07-09 00:14:27,965 basehttp 124 "GET / HTTP/1.1" 404 2160
WARNING 2020-07-09 00:14:28,062 base 93 Not Found: /favicon.ico
WARNING 2020-07-09 00:14:28,062 basehttp 124 "GET /favicon.ico HTTP/1.1" 404 2211
INFO 2020-07-09 00:14:36,325 basehttp 124 "GET /admin/ HTTP/1.1" 200 4366
INFO 2020-07-09 00:14:36,339 basehttp 124 "GET /static/xadmin/vendor/bootstrap/css/bootstrap.css HTTP/1.1" 304 0
INFO 2020-07-09 00:14:36,339 basehttp 124 "GET /static/xadmin/css/themes/bootstrap-xadmin.css HTTP/1.1" 304 0
INFO 2020-07-09 00:14:36,340 basehttp 124 "GET /static/xadmin/vendor/font-awesome/css/font-awesome.css HTTP/1.1" 304 0
INFO 2020-07-09 00:14:36,346 basehttp 124 "GET /static/xadmin/css/xadmin.main.css HTTP/1.1" 304 0
INFO 2020-07-09 00:14:36,347 basehttp 124 "GET /static/xadmin/css/xadmin.plugins.css HTTP/1.1" 304 0
INFO 2020-07-09 00:14:36,350 basehttp 124 "GET /static/xadmin/css/xadmin.responsive.css HTTP/1.1" 304 0
INFO 2020-07-09 00:14:36,358 basehttp 124 "GET /static/xadmin/vendor/jquery/jquery.js HTTP/1.1" 304 0
INFO 2020-07-09 00:14:36,360 basehttp 124 "GET /static/xadmin/vendor/jquery-ui/jquery.ui.core.js HTTP/1.1" 304 0
INFO 2020-07-09 00:14:36,367 basehttp 124 "GET /admin/jsi18n/ HTTP/1.1" 200 4373
INFO 2020-07-09 00:14:36,368 basehttp 124 "GET /static/xadmin/vendor/jquery-ui/jquery.ui.widget.js HTTP/1.1" 304 0
INFO 2020-07-09 00:14:36,369 basehttp 124 "GET /static/xadmin/vendor/jquery-ui/jquery.ui.mouse.js HTTP/1.1" 304 0
INFO 2020-07-09 00:14:36,377 basehttp 124 "GET /static/xadmin/vendor/jquery-ui/jquery.ui.sortable.js HTTP/1.1" 304 0
INFO 2020-07-09 00:14:36,408 basehttp 124 "GET /static/xadmin/vendor/bootstrap/js/bootstrap.js HTTP/1.1" 304 0
INFO 2020-07-09 00:14:36,412 basehttp 124 "GET /static/xadmin/vendor/font-awesome/fonts/fontawesome-webfont.woff?v=4.0.3 HTTP/1.1" 304 0
INFO 2020-07-09 00:14:36,412 basehttp 124 "GET /static/xadmin/js/xadmin.main.js HTTP/1.1" 304 0
INFO 2020-07-09 00:14:36,416 basehttp 124 "GET /static/xadmin/js/xadmin.responsive.js HTTP/1.1" 304 0
INFO 2020-07-09 00:14:36,418 basehttp 124 "GET /static/xadmin/vendor/jquery-ui/jquery.ui.effect.js HTTP/1.1" 304 0
INFO 2020-07-09 00:14:36,421 basehttp 124 "GET /static/xadmin/js/xadmin.plugin.themes.js HTTP/1.1" 304 0
INFO 2020-07-09 00:14:55,803 basehttp 124 "POST /admin/ HTTP/1.1" 200 4595
ERROR 2020-07-09 00:14:55,806 basehttp 124 "POST /admin/ HTTP/1.1" 500 59
INFO 2020-07-09 00:14:57,416 basehttp 124 "POST /admin/ HTTP/1.1" 200 4595
INFO 2020-07-09 00:14:57,441 basehttp 124 "GET /admin/jsi18n/ HTTP/1.1" 200 4373
INFO 2020-07-09 00:17:00,349 basehttp 124 "POST /admin/ HTTP/1.1" 302 0
ERROR 2020-07-09 00:17:00,350 basehttp 124 "POST /admin/ HTTP/1.1" 500 59
INFO 2020-07-09 00:17:01,847 basehttp 124 "POST /admin/ HTTP/1.1" 302 0
INFO 2020-07-09 00:17:05,906 basehttp 124 "GET /admin/ HTTP/1.1" 200 13185
INFO 2020-07-09 00:17:05,927 basehttp 124 "GET /static/xadmin/js/xadmin.page.dashboard.js HTTP/1.1" 200 3208
INFO 2020-07-09 00:17:05,927 basehttp 124 "GET /static/xadmin/css/xadmin.page.dashboard.css HTTP/1.1" 200 790
INFO 2020-07-09 00:17:05,927 basehttp 124 "GET /static/xadmin/js/xadmin.plugin.portal.js HTTP/1.1" 200 1000
INFO 2020-07-09 00:17:09,935 basehttp 124 "GET /admin/jsi18n/ HTTP/1.1" 200 3185
INFO 2020-07-09 00:17:36,611 basehttp 124 "GET /admin/home/nav/ HTTP/1.1" 200 23319
INFO 2020-07-09 00:17:36,637 basehttp 124 "GET /static/xadmin/js/xadmin.plugin.details.js HTTP/1.1" 200 2319
INFO 2020-07-09 00:17:36,638 basehttp 124 "GET /static/xadmin/css/xadmin.form.css HTTP/1.1" 200 3763
INFO 2020-07-09 00:17:36,638 basehttp 124 "GET /static/xadmin/js/xadmin.plugin.filters.js HTTP/1.1" 200 1990
INFO 2020-07-09 00:17:36,639 basehttp 124 "GET /static/xadmin/js/xadmin.page.list.js HTTP/1.1" 200 1105
INFO 2020-07-09 00:17:36,639 basehttp 124 "GET /static/xadmin/js/xadmin.plugin.bookmark.js HTTP/1.1" 200 529
INFO 2020-07-09 00:17:36,641 basehttp 124 "GET /static/xadmin/js/xadmin.page.form.js HTTP/1.1" 200 1948
INFO 2020-07-09 00:17:40,664 basehttp 124 "GET /admin/jsi18n/ HTTP/1.1" 200 3185
INFO 2020-07-09 00:18:14,270 basehttp 124 "GET /admin/home/nav/add/ HTTP/1.1" 200 17560
ERROR 2020-07-09 00:18:14,271 basehttp 124 "GET /admin/home/nav/add/ HTTP/1.1" 500 59
INFO 2020-07-09 00:18:18,109 basehttp 124 "GET /admin/home/nav/add/ HTTP/1.1" 200 17560
INFO 2020-07-09 00:18:18,135 basehttp 124 "GET /static/xadmin/vendor/selectize/selectize.bootstrap3.css HTTP/1.1" 200 10602
INFO 2020-07-09 00:18:18,136 basehttp 124 "GET /static/xadmin/vendor/selectize/selectize.css HTTP/1.1" 200 8425
INFO 2020-07-09 00:18:18,136 basehttp 124 "GET /static/xadmin/vendor/select2/select2.css HTTP/1.1" 200 19226
INFO 2020-07-09 00:18:18,143 basehttp 124 "GET /static/xadmin/vendor/selectize/selectize.js HTTP/1.1" 200 98602
WARNING 2020-07-09 00:18:18,143 basehttp 124 "GET /static/xadmin/vendor/select2/select2_locale_en-us.js HTTP/1.1" 404 1768
INFO 2020-07-09 00:18:18,144 basehttp 124 "GET /static/xadmin/vendor/select2/select2.js HTTP/1.1" 200 104906
INFO 2020-07-09 00:18:18,151 basehttp 124 "GET /static/xadmin/js/xadmin.widget.select.js HTTP/1.1" 200 1344
INFO 2020-07-09 00:18:22,170 basehttp 124 "GET /admin/jsi18n/ HTTP/1.1" 200 3185
WARNING 2020-07-09 00:18:22,198 basehttp 124 "GET /static/xadmin/vendor/select2/select2_locale_en-us.js HTTP/1.1" 404 1768
INFO 2020-07-09 00:19:02,330 basehttp 124 "POST /admin/home/nav/add/ HTTP/1.1" 302 0
INFO 2020-07-09 00:19:06,418 basehttp 124 "GET /admin/home/nav/add/ HTTP/1.1" 200 17907
WARNING 2020-07-09 00:19:06,446 basehttp 124 "GET /static/xadmin/vendor/select2/select2_locale_en-us.js HTTP/1.1" 404 1768
INFO 2020-07-09 00:19:10,452 basehttp 124 "GET /admin/jsi18n/ HTTP/1.1" 200 3185
WARNING 2020-07-09 00:19:10,477 basehttp 124 "GET /static/xadmin/vendor/select2/select2_locale_en-us.js HTTP/1.1" 404 1768
INFO 2020-07-09 00:19:46,803 basehttp 124 "POST /admin/home/nav/add/ HTTP/1.1" 302 0
INFO 2020-07-09 00:19:50,891 basehttp 124 "GET /admin/home/nav/add/ HTTP/1.1" 200 17912
WARNING 2020-07-09 00:19:50,919 basehttp 124 "GET /static/xadmin/vendor/select2/select2_locale_en-us.js HTTP/1.1" 404 1768
INFO 2020-07-09 00:19:54,939 basehttp 124 "GET /admin/jsi18n/ HTTP/1.1" 200 3185
WARNING 2020-07-09 00:19:54,962 basehttp 124 "GET /static/xadmin/vendor/select2/select2_locale_en-us.js HTTP/1.1" 404 1768
INFO 2020-07-09 00:20:34,473 basehttp 124 "POST /admin/home/nav/add/ HTTP/1.1" 302 0
INFO 2020-07-09 00:20:38,559 basehttp 124 "GET /admin/home/nav/add/ HTTP/1.1" 200 17903
WARNING 2020-07-09 00:20:38,587 basehttp 124 "GET /static/xadmin/vendor/select2/select2_locale_en-us.js HTTP/1.1" 404 1768
INFO 2020-07-09 00:20:42,608 basehttp 124 "GET /admin/jsi18n/ HTTP/1.1" 200 3185
WARNING 2020-07-09 00:20:42,629 basehttp 124 "GET /static/xadmin/vendor/select2/select2_locale_en-us.js HTTP/1.1" 404 1768
INFO 2020-07-09 00:21:04,870 basehttp 124 "POST /admin/home/nav/add/ HTTP/1.1" 302 0
INFO 2020-07-09 00:21:08,952 basehttp 124 "GET /admin/home/nav/ HTTP/1.1" 200 29131
INFO 2020-07-09 00:21:08,981 basehttp 124 "GET /static/xadmin/css/themes/bootstrap-xadmin.css HTTP/1.1" 304 0
INFO 2020-07-09 00:21:08,983 basehttp 124 "GET /static/xadmin/vendor/bootstrap/css/bootstrap.css HTTP/1.1" 304 0
INFO 2020-07-09 00:21:08,986 basehttp 124 "GET /static/xadmin/vendor/font-awesome/css/font-awesome.css HTTP/1.1" 304 0
INFO 2020-07-09 00:21:08,987 basehttp 124 "GET /static/xadmin/css/xadmin.main.css HTTP/1.1" 304 0
INFO 2020-07-09 00:21:08,989 basehttp 124 "GET /static/xadmin/css/xadmin.plugins.css HTTP/1.1" 304 0
INFO 2020-07-09 00:21:08,995 basehttp 124 "GET /static/xadmin/css/xadmin.responsive.css HTTP/1.1" 304 0
INFO 2020-07-09 00:21:08,997 basehttp 124 "GET /static/xadmin/vendor/jquery/jquery.js HTTP/1.1" 304 0
INFO 2020-07-09 00:21:08,997 basehttp 124 "GET /static/xadmin/vendor/jquery-ui/jquery.ui.core.js HTTP/1.1" 304 0
INFO 2020-07-09 00:21:08,999 basehttp 124 "GET /static/xadmin/vendor/jquery-ui/jquery.ui.widget.js HTTP/1.1" 304 0
INFO 2020-07-09 00:21:09,002 basehttp 124 "GET /static/xadmin/vendor/jquery-ui/jquery.ui.mouse.js HTTP/1.1" 304 0
INFO 2020-07-09 00:21:09,004 basehttp 124 "GET /static/xadmin/vendor/bootstrap/js/bootstrap.js HTTP/1.1" 304 0
INFO 2020-07-09 00:21:09,008 basehttp 124 "GET /static/xadmin/js/xadmin.responsive.js HTTP/1.1" 304 0
INFO 2020-07-09 00:21:09,009 basehttp 124 "GET /static/xadmin/js/xadmin.main.js HTTP/1.1" 304 0
INFO 2020-07-09 00:21:09,010 basehttp 124 "GET /static/xadmin/vendor/jquery-ui/jquery.ui.effect.js HTTP/1.1" 304 0
INFO 2020-07-09 00:21:09,013 basehttp 124 "GET /static/xadmin/js/xadmin.plugin.themes.js HTTP/1.1" 304 0
INFO 2020-07-09 00:21:09,015 basehttp 124 "GET /static/xadmin/vendor/jquery-ui/jquery.ui.sortable.js HTTP/1.1" 304 0
INFO 2020-07-09 00:21:09,015 basehttp 124 "GET /static/xadmin/js/xadmin.plugin.actions.js HTTP/1.1" 200 4198
INFO 2020-07-09 00:21:13,016 basehttp 124 "GET /admin/jsi18n/ HTTP/1.1" 200 3185
INFO 2020-07-09 00:21:13,027 basehttp 124 "GET /static/xadmin/vendor/font-awesome/fonts/fontawesome-webfont.woff?v=4.0.3 HTTP/1.1" 304 0
INFO 2020-07-09 00:35:26,015 basehttp 124 "GET /home/banner/ HTTP/1.1" 200 253
INFO 2020-07-09 00:44:35,932 basehttp 124 "GET /home/banner/ HTTP/1.1" 200 253
INFO 2020-07-09 00:44:35,949 basehttp 124 "GET /media/banner/02.png HTTP/1.1" 304 0
INFO 2020-07-09 00:44:35,949 basehttp 124 "GET /media/banner/01.png HTTP/1.1" 304 0
INFO 2020-07-09 00:44:35,950 basehttp 124 "GET /media/banner/03.png HTTP/1.1" 304 0
INFO 2020-07-09 00:45:26,829 basehttp 124 "GET /home/banner/ HTTP/1.1" 200 253
INFO 2020-07-09 00:45:41,096 basehttp 124 "GET /home/banner/ HTTP/1.1" 200 253
INFO 2020-07-09 00:46:28,756 basehttp 124 "GET /home/banner/ HTTP/1.1" 200 253
INFO 2020-07-09 00:48:17,023 basehttp 124 "GET /home/banner/ HTTP/1.1" 200 253
INFO 2020-07-09 00:50:48,889 basehttp 124 "GET /home/nav/ HTTP/1.1" 200 258
INFO 2020-07-09 00:50:56,775 basehttp 124 "GET /home/banner/ HTTP/1.1" 200 253
INFO 2020-07-09 00:50:56,776 basehttp 124 "GET /home/nav/ HTTP/1.1" 200 258
INFO 2020-07-09 00:50:56,792 basehttp 124 "GET /media/banner/01.png HTTP/1.1" 304 0
INFO 2020-07-09 00:50:56,792 basehttp 124 "GET /media/banner/02.png HTTP/1.1" 304 0
INFO 2020-07-09 00:50:56,793 basehttp 124 "GET /media/banner/03.png HTTP/1.1" 304 0
INFO 2020-07-09 00:53:54,300 basehttp 124 "GET /home/nav/ HTTP/1.1" 200 258
INFO 2020-07-09 00:54:14,539 basehttp 124 "GET /home/nav/ HTTP/1.1" 200 258
INFO 2020-07-09 00:54:14,544 basehttp 124 "GET /home/banner/ HTTP/1.1" 200 253
INFO 2020-07-09 00:54:18,557 basehttp 124 "GET /home/nav/ HTTP/1.1" 200 258
INFO 2020-07-09 00:54:50,327 basehttp 124 "GET /admin/home/nav/add/ HTTP/1.1" 200 17560
INFO 2020-07-09 00:54:50,350 basehttp 124 "GET /static/xadmin/vendor/bootstrap/css/bootstrap.css HTTP/1.1" 304 0
INFO 2020-07-09 00:54:50,353 basehttp 124 "GET /static/xadmin/css/themes/bootstrap-xadmin.css HTTP/1.1" 304 0
INFO 2020-07-09 00:54:50,355 basehttp 124 "GET /static/xadmin/vendor/font-awesome/css/font-awesome.css HTTP/1.1" 304 0
INFO 2020-07-09 00:54:50,360 basehttp 124 "GET /static/xadmin/css/xadmin.plugins.css HTTP/1.1" 304 0
INFO 2020-07-09 00:54:50,360 basehttp 124 "GET /static/xadmin/css/xadmin.main.css HTTP/1.1" 304 0
INFO 2020-07-09 00:54:50,360 basehttp 124 "GET /static/xadmin/css/xadmin.responsive.css HTTP/1.1" 304 0
INFO 2020-07-09 00:54:50,360 basehttp 124 "GET /static/xadmin/vendor/select2/select2.css HTTP/1.1" 304 0
INFO 2020-07-09 00:54:50,362 basehttp 124 "GET /static/xadmin/vendor/selectize/selectize.bootstrap3.css HTTP/1.1" 304 0
INFO 2020-07-09 00:54:50,362 basehttp 124 "GET /static/xadmin/vendor/selectize/selectize.css HTTP/1.1" 304 0
INFO 2020-07-09 00:54:50,369 basehttp 124 "GET /static/xadmin/css/xadmin.form.css HTTP/1.1" 304 0
INFO 2020-07-09 00:54:50,370 basehttp 124 "GET /static/xadmin/vendor/jquery-ui/jquery.ui.core.js HTTP/1.1" 304 0
INFO 2020-07-09 00:54:50,370 basehttp 124 "GET /static/xadmin/vendor/jquery-ui/jquery.ui.widget.js HTTP/1.1" 304 0
INFO 2020-07-09 00:54:50,370 basehttp 124 "GET /static/xadmin/vendor/jquery-ui/jquery.ui.mouse.js HTTP/1.1" 304 0
INFO 2020-07-09 00:54:50,370 basehttp 124 "GET /static/xadmin/vendor/jquery-ui/jquery.ui.sortable.js HTTP/1.1" 304 0
INFO 2020-07-09 00:54:50,373 basehttp 124 "GET /static/xadmin/js/xadmin.main.js HTTP/1.1" 304 0
INFO 2020-07-09 00:54:50,374 basehttp 124 "GET /static/xadmin/js/xadmin.responsive.js HTTP/1.1" 304 0
INFO 2020-07-09 00:54:50,377 basehttp 124 "GET /static/xadmin/vendor/selectize/selectize.js HTTP/1.1" 304 0
INFO 2020-07-09 00:54:50,377 basehttp 124 "GET /static/xadmin/js/xadmin.plugin.portal.js HTTP/1.1" 304 0
INFO 2020-07-09 00:54:50,378 basehttp 124 "GET /static/xadmin/vendor/jquery-ui/jquery.ui.effect.js HTTP/1.1" 304 0
INFO 2020-07-09 00:54:50,380 basehttp 124 "GET /static/xadmin/vendor/select2/select2.js HTTP/1.1" 304 0
WARNING 2020-07-09 00:54:50,386 basehttp 124 "GET /static/xadmin/vendor/select2/select2_locale_en-us.js HTTP/1.1" 404 1768
INFO 2020-07-09 00:54:50,386 basehttp 124 "GET /static/xadmin/vendor/bootstrap/js/bootstrap.js HTTP/1.1" 304 0
INFO 2020-07-09 00:54:50,386 basehttp 124 "GET /static/xadmin/vendor/jquery/jquery.js HTTP/1.1" 304 0
INFO 2020-07-09 00:54:50,387 basehttp 124 "GET /static/xadmin/js/xadmin.widget.select.js HTTP/1.1" 304 0
INFO 2020-07-09 00:54:50,387 basehttp 124 "GET /static/xadmin/js/xadmin.plugin.themes.js HTTP/1.1" 304 0
INFO 2020-07-09 00:54:50,389 basehttp 124 "GET /static/xadmin/js/xadmin.page.form.js HTTP/1.1" 304 0
INFO 2020-07-09 00:54:54,397 basehttp 124 "GET /admin/jsi18n/ HTTP/1.1" 200 3185
INFO 2020-07-09 00:54:54,410 basehttp 124 "GET /static/xadmin/vendor/font-awesome/fonts/fontawesome-webfont.woff?v=4.0.3 HTTP/1.1" 304 0
WARNING 2020-07-09 00:54:54,432 basehttp 124 "GET /static/xadmin/vendor/select2/select2_locale_en-us.js HTTP/1.1" 404 1768
INFO 2020-07-09 00:55:26,606 basehttp 124 "GET /home/nav/ HTTP/1.1" 200 258
INFO 2020-07-09 00:55:26,628 basehttp 124 "GET /home/banner/ HTTP/1.1" 200 253
INFO 2020-07-09 00:55:30,643 basehttp 124 "GET /home/nav/ HTTP/1.1" 200 258
INFO 2020-07-09 00:56:32,691 basehttp 124 "POST /admin/home/nav/add/ HTTP/1.1" 302 0
INFO 2020-07-09 00:56:36,787 basehttp 124 "GET /admin/home/nav/ HTTP/1.1" 200 29718
INFO 2020-07-09 00:56:36,818 basehttp 124 "GET /static/xadmin/js/xadmin.plugin.details.js HTTP/1.1" 304 0
INFO 2020-07-09 00:56:36,819 basehttp 124 "GET /static/xadmin/js/xadmin.plugin.bookmark.js HTTP/1.1" 304 0
INFO 2020-07-09 00:56:36,825 basehttp 124 "GET /static/xadmin/js/xadmin.plugin.actions.js HTTP/1.1" 304 0
INFO 2020-07-09 00:56:36,825 basehttp 124 "GET /static/xadmin/js/xadmin.plugin.filters.js HTTP/1.1" 304 0
INFO 2020-07-09 00:56:36,829 basehttp 124 "GET /static/xadmin/js/xadmin.page.list.js HTTP/1.1" 304 0
INFO 2020-07-09 00:56:40,837 basehttp 124 "GET /admin/jsi18n/ HTTP/1.1" 200 3185
INFO 2020-07-09 00:57:35,199 basehttp 124 "GET /home/nav/ HTTP/1.1" 200 319
INFO 2020-07-09 00:57:35,205 basehttp 124 "GET /home/banner/ HTTP/1.1" 200 253
INFO 2020-07-09 00:57:35,216 basehttp 124 "GET /media/banner/01.png HTTP/1.1" 304 0
INFO 2020-07-09 00:57:35,217 basehttp 124 "GET /media/banner/02.png HTTP/1.1" 304 0
INFO 2020-07-09 00:57:35,217 basehttp 124 "GET /media/banner/03.png HTTP/1.1" 304 0
INFO 2020-07-09 00:57:39,222 basehttp 124 "GET /home/nav/ HTTP/1.1" 200 319
INFO 2020-07-09 00:59:13,434 basehttp 124 "GET /home/nav/ HTTP/1.1" 200 319
INFO 2020-07-09 00:59:17,459 basehttp 124 "GET /home/nav/ HTTP/1.1" 200 319
ERROR 2020-07-09 00:59:17,465 basehttp 124 "GET /home/nav/ HTTP/1.1" 500 59
INFO 2020-07-09 00:59:19,629 basehttp 124 "GET /home/banner/ HTTP/1.1" 200 253
INFO 2020-07-09 00:59:19,640 basehttp 124 "GET /home/nav/ HTTP/1.1" 200 319
INFO 2020-07-09 00:59:23,669 basehttp 124 "GET /home/nav/ HTTP/1.1" 200 319
INFO 2020-07-09 00:59:32,447 basehttp 124 "GET /home/banner/ HTTP/1.1" 200 253
INFO 2020-07-09 00:59:32,452 basehttp 124 "GET /home/nav/ HTTP/1.1" 200 319
INFO 2020-07-09 00:59:36,485 basehttp 124 "GET /home/nav/ HTTP/1.1" 200 319
INFO 2020-07-09 01:03:29,105 basehttp 124 "GET /home/nav/ HTTP/1.1" 200 319
ERROR 2020-07-09 01:03:29,106 basehttp 124 "GET /home/nav/ HTTP/1.1" 500 59
INFO 2020-07-09 01:03:31,866 basehttp 124 "GET /home/banner/ HTTP/1.1" 200 253
INFO 2020-07-09 01:03:31,876 basehttp 124 "GET /home/nav/ HTTP/1.1" 200 319
INFO 2020-07-09 01:03:35,901 basehttp 124 "GET /home/nav/ HTTP/1.1" 200 319
INFO 2020-07-09 01:04:23,612 basehttp 124 "GET /home/nav/ HTTP/1.1" 200 319
INFO 2020-07-09 01:04:23,617 basehttp 124 "GET /home/banner/ HTTP/1.1" 200 253
INFO 2020-07-09 01:04:23,628 basehttp 124 "GET /media/banner/01.png HTTP/1.1" 304 0
INFO 2020-07-09 01:04:23,629 basehttp 124 "GET /media/banner/02.png HTTP/1.1" 304 0
INFO 2020-07-09 01:04:23,629 basehttp 124 "GET /media/banner/03.png HTTP/1.1" 304 0
INFO 2020-07-09 01:04:27,634 basehttp 124 "GET /home/nav/ HTTP/1.1" 200 319
